[debug] [2018-05-22T19:59:38.622Z] ----------------------------------------------------------------------
[debug] [2018-05-22T19:59:38.625Z] Command:       D:\Program Files\nodejs\node.exe C:\Users\Bruno\AppData\Roaming\npm\node_modules\firebase-tools\bin\firebase serve
[debug] [2018-05-22T19:59:38.625Z] CLI Version:   3.18.5
[debug] [2018-05-22T19:59:38.625Z] Platform:      win32
[debug] [2018-05-22T19:59:38.625Z] Node Version:  v8.11.2
[debug] [2018-05-22T19:59:38.626Z] Time:          Tue May 22 2018 20:59:38 GMT+0100 (Hora de Verão de GMT)
[debug] [2018-05-22T19:59:38.626Z] ----------------------------------------------------------------------
[debug] 
[debug] [2018-05-22T19:59:38.635Z] > command requires scopes: ["email","openid","https://www.googleapis.com/auth/cloudplatformprojects.readonly","https://www.googleapis.com/auth/firebase","https://www.googleapis.com/auth/cloud-platform"]
[debug] [2018-05-22T19:59:38.635Z] > authorizing via signed-in user
[debug] [2018-05-22T19:59:38.637Z] >>> HTTP REQUEST GET https://admin.firebase.com/v1/projects/theinformer-mnse  
  
 Tue May 22 2018 20:59:38 GMT+0100 (Hora de Verão de GMT)
[debug] [2018-05-22T19:59:39.359Z] <<< HTTP RESPONSE 200
[debug] [2018-05-22T19:59:39.360Z] >>> HTTP REQUEST GET https://admin.firebase.com/v1/database/theinformer-mnse/tokens  
  
 Tue May 22 2018 20:59:39 GMT+0100 (Hora de Verão de GMT)
[debug] [2018-05-22T19:59:39.996Z] <<< HTTP RESPONSE 200
[debug] [2018-05-22T19:59:39.998Z] >>> HTTP REQUEST GET https://cloudresourcemanager.googleapis.com/v1/projects/theinformer-mnse  
  
 Tue May 22 2018 20:59:39 GMT+0100 (Hora de Verão de GMT)
[debug] [2018-05-22T19:59:40.827Z] <<< HTTP RESPONSE 200
[info] 
[info] === Serving from 'D:\feup\MNSE\project'...
[info] 
[info] i  functions: Preparing to emulate functions.
[debug] [2018-05-22T19:59:41.431Z] Fetching environment
[debug] [2018-05-22T19:59:41.432Z] >>> HTTP REQUEST GET https://mobilesdk-pa.googleapis.com/v1/projects/28098850877:getServerAppConfig  
  
 Tue May 22 2018 20:59:41 GMT+0100 (Hora de Verão de GMT)
[debug] [2018-05-22T19:59:41.433Z] >>> HTTP REQUEST GET https://mobilesdk-pa.googleapis.com/v1/projects/28098850877/clients/_:getWebAppConfig  
  
 Tue May 22 2018 20:59:41 GMT+0100 (Hora de Verão de GMT)
[debug] [2018-05-22T19:59:41.944Z] <<< HTTP RESPONSE 200
[info] i  hosting: Serving hosting files from: ./
[info] +  hosting: Local server: http://localhost:5000

[debug] [2018-05-22T19:59:41.984Z] <<< HTTP RESPONSE 200
[debug] [2018-05-22T19:59:41.985Z] Starting @google-cloud/functions-emulator
[debug] [2018-05-22T19:59:43.508Z] Parsing function triggers
[debug] [2018-05-22T19:59:44.888Z] Error while deploying to emulator: Error: connect ECONNREFUSED 127.0.0.1:5002
Error: connect ECONNREFUSED 127.0.0.1:5002
    at Object._errnoException (util.js:992:11)
    at _exceptionWithHostPort (util.js:1014:20)
    at TCPConnectWrap.afterConnect [as oncomplete] (net.js:1186:14)
[warn] !  functions: Failed to emulate tts
